<?xml version="1.0" encoding="UTF-8"?>
<!-- Generated by org.testng.reporters.JUnitReportReporter -->
<testsuite skipped="0" hostname="Rahul-Dell-PC" name="com.demo.TetsClasses.SumOfProducts" tests="1" failures="0" timestamp="07 Jan 2021 02:32:55 GMT" time="9.816" errors="0">
  <testcase name="productsSum" time="9.816" classname="com.demo.TetsClasses.SumOfProducts"/>
</testsuite> <!-- com.demo.TetsClasses.SumOfProducts -->
