<?xml version="1.0" encoding="UTF-8"?>
<!-- Generated by org.testng.reporters.JUnitReportReporter -->
<testsuite skipped="0" hostname="Rahul-Dell-PC" name="com.demo.TetsClasses.UpdateQuantity" tests="1" failures="0" timestamp="07 Jan 2021 03:23:45 GMT" time="39.247" errors="0">
  <testcase name="updateProdQuantity" time="39.247" classname="com.demo.TetsClasses.UpdateQuantity"/>
</testsuite> <!-- com.demo.TetsClasses.UpdateQuantity -->
