<?xml version="1.0" encoding="UTF-8"?>
<!-- Generated by org.testng.reporters.JUnitReportReporter -->
<testsuite skipped="0" hostname="Rahul-Dell-PC" name="com.demo.TetsClasses.ChangeCurrency" tests="1" failures="0" timestamp="07 Jan 2021 22:15:23 GMT" time="14.423" errors="0">
  <testcase name="selectCurrency" time="14.423" classname="com.demo.TetsClasses.ChangeCurrency"/>
</testsuite> <!-- com.demo.TetsClasses.ChangeCurrency -->
