<?xml version="1.0" encoding="UTF-8"?>
<!-- Generated by org.testng.reporters.JUnitReportReporter -->
<testsuite skipped="0" hostname="Rahul-Dell-PC" name="com.demo.TetsClasses.HomePage" tests="1" failures="0" timestamp="07 Jan 2021 04:01:38 GMT" time="3.809" errors="0">
  <testcase name="getHomePage" time="3.809" classname="com.demo.TetsClasses.HomePage"/>
</testsuite> <!-- com.demo.TetsClasses.HomePage -->
