<?xml version="1.0" encoding="UTF-8"?>
<!-- Generated by org.testng.reporters.JUnitReportReporter -->
<testsuite skipped="0" hostname="Rahul-Dell-PC" name="com.demo.TetsClasses.DenimCoatColorChange" tests="1" failures="0" timestamp="07 Jan 2021 03:57:13 GMT" time="7.549" errors="0">
  <testcase name="colorChange" time="7.549" classname="com.demo.TetsClasses.DenimCoatColorChange"/>
</testsuite> <!-- com.demo.TetsClasses.DenimCoatColorChange -->
