<?xml version="1.0" encoding="UTF-8"?>
<!-- Generated by org.testng.reporters.JUnitReportReporter -->
<testsuite skipped="0" hostname="Rahul-Dell-PC" name="com.demo.TetsClasses.EmptyCart" tests="1" failures="0" timestamp="07 Jan 2021 03:57:13 GMT" time="18.983" errors="0">
  <testcase name="NoItemInCart" time="18.983" classname="com.demo.TetsClasses.EmptyCart"/>
</testsuite> <!-- com.demo.TetsClasses.EmptyCart -->
