<?xml version="1.0" encoding="UTF-8"?>
<!-- Generated by org.testng.reporters.JUnitReportReporter -->
<testsuite skipped="0" hostname="Rahul-Dell-PC" name="com.demo.TetsClasses.PostAComment" tests="1" failures="0" timestamp="07 Jan 2021 03:57:12 GMT" time="7.969" errors="0">
  <testcase name="postComment" time="7.969" classname="com.demo.TetsClasses.PostAComment"/>
</testsuite> <!-- com.demo.TetsClasses.PostAComment -->
