<?xml version="1.0" encoding="UTF-8"?>
<!-- Generated by org.testng.reporters.JUnitReportReporter -->
<testsuite skipped="0" hostname="Rahul-Dell-PC" name="com.demo.JunitTest" tests="1" failures="0" timestamp="07 Jan 2021 02:51:58 GMT" time="0.010" errors="0">
  <testcase name="testJunti" time="0.010" classname="com.demo.JunitTest"/>
</testsuite> <!-- com.demo.JunitTest -->
